2017-06-18 23:06:07.185  INFO 19150 --- [restartedMain] tk.mybatis.springboot.Application        : Starting Application on localhost with PID 19150 (/Users/hanhai/restwork/code/shop/target/classes started by hanhai in /Users/hanhai/restwork/code/shop)
2017-06-18 23:06:07.186 DEBUG 19150 --- [restartedMain] tk.mybatis.springboot.Application        : Running with Spring Boot v1.5.1.RELEASE, Spring v4.3.6.RELEASE
2017-06-18 23:06:07.187  INFO 19150 --- [restartedMain] tk.mybatis.springboot.Application        : No active profile set, falling back to default profiles: default
2017-06-18 23:06:07.292  INFO 19150 --- [restartedMain] ationConfigEmbeddedWebApplicationContext : Refreshing org.springframework.boot.context.embedded.AnnotationConfigEmbeddedWebApplicationContext@f9210f3: startup date [Sun Jun 18 23:06:07 CST 2017]; root of context hierarchy
2017-06-18 23:06:09.122  INFO 19150 --- [restartedMain] trationDelegate$BeanPostProcessorChecker : Bean 'org.springframework.boot.autoconfigure.validation.ValidationAutoConfiguration' of type [class org.springframework.boot.autoconfigure.validation.ValidationAutoConfiguration] is not eligible for getting processed by all BeanPostProcessors (for example: not eligible for auto-proxying)
2017-06-18 23:06:09.198  INFO 19150 --- [restartedMain] trationDelegate$BeanPostProcessorChecker : Bean 'validator' of type [class org.springframework.validation.beanvalidation.LocalValidatorFactoryBean] is not eligible for getting processed by all BeanPostProcessors (for example: not eligible for auto-proxying)
2017-06-18 23:06:09.238  INFO 19150 --- [restartedMain] trationDelegate$BeanPostProcessorChecker : Bean 'org.springframework.transaction.annotation.ProxyTransactionManagementConfiguration' of type [class org.springframework.transaction.annotation.ProxyTransactionManagementConfiguration$$EnhancerBySpringCGLIB$$a99ad06c] is not eligible for getting processed by all BeanPostProcessors (for example: not eligible for auto-proxying)
2017-06-18 23:06:09.674  INFO 19150 --- [restartedMain] s.b.c.e.t.TomcatEmbeddedServletContainer : Tomcat initialized with port(s): 9090 (http)
2017-06-18 23:06:09.690  INFO 19150 --- [restartedMain] o.apache.catalina.core.StandardService   : Starting service Tomcat
2017-06-18 23:06:09.691  INFO 19150 --- [restartedMain] org.apache.catalina.core.StandardEngine  : Starting Servlet Engine: Apache Tomcat/8.5.11
2017-06-18 23:06:09.786  INFO 19150 --- [localhost-startStop-1] o.a.c.c.C.[Tomcat].[localhost].[/]       : Initializing Spring embedded WebApplicationContext
2017-06-18 23:06:09.786  INFO 19150 --- [localhost-startStop-1] o.s.web.context.ContextLoader            : Root WebApplicationContext: initialization completed in 2499 ms
2017-06-18 23:06:09.962  INFO 19150 --- [localhost-startStop-1] o.s.b.w.servlet.ServletRegistrationBean  : Mapping servlet: 'dispatcherServlet' to [/]
2017-06-18 23:06:09.969  INFO 19150 --- [localhost-startStop-1] o.s.b.w.servlet.FilterRegistrationBean   : Mapping filter: 'characterEncodingFilter' to: [/*]
2017-06-18 23:06:09.969  INFO 19150 --- [localhost-startStop-1] o.s.b.w.servlet.FilterRegistrationBean   : Mapping filter: 'hiddenHttpMethodFilter' to: [/*]
2017-06-18 23:06:09.969  INFO 19150 --- [localhost-startStop-1] o.s.b.w.servlet.FilterRegistrationBean   : Mapping filter: 'httpPutFormContentFilter' to: [/*]
2017-06-18 23:06:09.970  INFO 19150 --- [localhost-startStop-1] o.s.b.w.servlet.FilterRegistrationBean   : Mapping filter: 'requestContextFilter' to: [/*]
2017-06-18 23:06:10.650  INFO 19150 --- [restartedMain] com.alibaba.druid.pool.DruidDataSource   : {dataSource-1} inited
2017-06-18 23:06:11.330  INFO 19150 --- [restartedMain] s.w.s.m.m.a.RequestMappingHandlerAdapter : Looking for @ControllerAdvice: org.springframework.boot.context.embedded.AnnotationConfigEmbeddedWebApplicationContext@f9210f3: startup date [Sun Jun 18 23:06:07 CST 2017]; root of context hierarchy
2017-06-18 23:06:11.396  INFO 19150 --- [restartedMain] s.w.s.m.m.a.RequestMappingHandlerMapping : Mapped "{[/]}" onto public org.springframework.web.servlet.ModelAndView tk.mybatis.springboot.controller.IndexController.index()
2017-06-18 23:06:11.399  INFO 19150 --- [restartedMain] s.w.s.m.m.a.RequestMappingHandlerMapping : Mapped "{[/error]}" onto public org.springframework.http.ResponseEntity<java.util.Map<java.lang.String, java.lang.Object>> org.springframework.boot.autoconfigure.web.BasicErrorController.error(javax.servlet.http.HttpServletRequest)
2017-06-18 23:06:11.400  INFO 19150 --- [restartedMain] s.w.s.m.m.a.RequestMappingHandlerMapping : Mapped "{[/error],produces=[text/html]}" onto public org.springframework.web.servlet.ModelAndView org.springframework.boot.autoconfigure.web.BasicErrorController.errorHtml(javax.servlet.http.HttpServletRequest,javax.servlet.http.HttpServletResponse)
2017-06-18 23:06:11.434  INFO 19150 --- [restartedMain] o.s.w.s.handler.SimpleUrlHandlerMapping  : Mapped URL path [/static/**] onto handler of type [class org.springframework.web.servlet.resource.ResourceHttpRequestHandler]
2017-06-18 23:06:11.434  INFO 19150 --- [restartedMain] o.s.w.s.handler.SimpleUrlHandlerMapping  : Mapped URL path [/webjars/**] onto handler of type [class org.springframework.web.servlet.resource.ResourceHttpRequestHandler]
2017-06-18 23:06:11.434  INFO 19150 --- [restartedMain] o.s.w.s.handler.SimpleUrlHandlerMapping  : Mapped URL path [/**] onto handler of type [class org.springframework.web.servlet.resource.ResourceHttpRequestHandler]
2017-06-18 23:06:11.472  INFO 19150 --- [restartedMain] o.s.w.s.handler.SimpleUrlHandlerMapping  : Mapped URL path [/**/favicon.ico] onto handler of type [class org.springframework.web.servlet.resource.ResourceHttpRequestHandler]
2017-06-18 23:06:11.948  INFO 19150 --- [restartedMain] o.s.w.s.v.f.FreeMarkerConfigurer         : ClassTemplateLoader for Spring macros added to FreeMarker configuration
2017-06-18 23:06:12.071  INFO 19150 --- [restartedMain] o.s.b.d.a.OptionalLiveReloadServer       : LiveReload server is running on port 35729
2017-06-18 23:06:12.235  INFO 19150 --- [restartedMain] o.s.j.e.a.AnnotationMBeanExporter        : Registering beans for JMX exposure on startup
2017-06-18 23:06:12.238  INFO 19150 --- [restartedMain] o.s.j.e.a.AnnotationMBeanExporter        : Bean with name 'dataSource' has been autodetected for JMX exposure
2017-06-18 23:06:12.244  INFO 19150 --- [restartedMain] o.s.j.e.a.AnnotationMBeanExporter        : Located MBean 'dataSource': registering with JMX server as MBean [com.alibaba.druid.pool:name=dataSource,type=DruidDataSource]
2017-06-18 23:06:12.339  INFO 19150 --- [restartedMain] s.b.c.e.t.TomcatEmbeddedServletContainer : Tomcat started on port(s): 9090 (http)
2017-06-18 23:06:12.343  INFO 19150 --- [restartedMain] tk.mybatis.springboot.Application        : Started Application in 5.794 seconds (JVM running for 7.018)
2017-06-18 23:06:40.580  INFO 19150 --- [Thread-9] ationConfigEmbeddedWebApplicationContext : Closing org.springframework.boot.context.embedded.AnnotationConfigEmbeddedWebApplicationContext@f9210f3: startup date [Sun Jun 18 23:06:07 CST 2017]; root of context hierarchy
2017-06-18 23:06:40.584  INFO 19150 --- [Thread-9] o.s.j.e.a.AnnotationMBeanExporter        : Unregistering JMX-exposed beans on shutdown
2017-06-18 23:06:40.584  INFO 19150 --- [Thread-9] o.s.j.e.a.AnnotationMBeanExporter        : Unregistering JMX-exposed beans
2017-06-18 23:06:40.590  INFO 19150 --- [Thread-9] com.alibaba.druid.pool.DruidDataSource   : {dataSource-1} closed
2017-06-18 23:06:44.739  INFO 19170 --- [restartedMain] tk.mybatis.springboot.Application        : Starting Application on localhost with PID 19170 (/Users/hanhai/restwork/code/shop/target/classes started by hanhai in /Users/hanhai/restwork/code/shop)
2017-06-18 23:06:44.740 DEBUG 19170 --- [restartedMain] tk.mybatis.springboot.Application        : Running with Spring Boot v1.5.1.RELEASE, Spring v4.3.6.RELEASE
2017-06-18 23:06:44.741  INFO 19170 --- [restartedMain] tk.mybatis.springboot.Application        : No active profile set, falling back to default profiles: default
2017-06-18 23:06:44.897  INFO 19170 --- [restartedMain] ationConfigEmbeddedWebApplicationContext : Refreshing org.springframework.boot.context.embedded.AnnotationConfigEmbeddedWebApplicationContext@3cddb571: startup date [Sun Jun 18 23:06:44 CST 2017]; root of context hierarchy
2017-06-18 23:06:46.492  INFO 19170 --- [restartedMain] trationDelegate$BeanPostProcessorChecker : Bean 'org.springframework.boot.autoconfigure.validation.ValidationAutoConfiguration' of type [class org.springframework.boot.autoconfigure.validation.ValidationAutoConfiguration] is not eligible for getting processed by all BeanPostProcessors (for example: not eligible for auto-proxying)
2017-06-18 23:06:46.563  INFO 19170 --- [restartedMain] trationDelegate$BeanPostProcessorChecker : Bean 'validator' of type [class org.springframework.validation.beanvalidation.LocalValidatorFactoryBean] is not eligible for getting processed by all BeanPostProcessors (for example: not eligible for auto-proxying)
2017-06-18 23:06:46.606  INFO 19170 --- [restartedMain] trationDelegate$BeanPostProcessorChecker : Bean 'org.springframework.transaction.annotation.ProxyTransactionManagementConfiguration' of type [class org.springframework.transaction.annotation.ProxyTransactionManagementConfiguration$$EnhancerBySpringCGLIB$$7c7b9162] is not eligible for getting processed by all BeanPostProcessors (for example: not eligible for auto-proxying)
2017-06-18 23:06:47.050  INFO 19170 --- [restartedMain] s.b.c.e.t.TomcatEmbeddedServletContainer : Tomcat initialized with port(s): 9090 (http)
2017-06-18 23:06:47.069  INFO 19170 --- [restartedMain] o.apache.catalina.core.StandardService   : Starting service Tomcat
2017-06-18 23:06:47.071  INFO 19170 --- [restartedMain] org.apache.catalina.core.StandardEngine  : Starting Servlet Engine: Apache Tomcat/8.5.11
2017-06-18 23:06:47.167  INFO 19170 --- [localhost-startStop-1] o.a.c.c.C.[Tomcat].[localhost].[/]       : Initializing Spring embedded WebApplicationContext
2017-06-18 23:06:47.167  INFO 19170 --- [localhost-startStop-1] o.s.web.context.ContextLoader            : Root WebApplicationContext: initialization completed in 2274 ms
2017-06-18 23:06:47.334  INFO 19170 --- [localhost-startStop-1] o.s.b.w.servlet.ServletRegistrationBean  : Mapping servlet: 'dispatcherServlet' to [/]
2017-06-18 23:06:47.337  INFO 19170 --- [localhost-startStop-1] o.s.b.w.servlet.FilterRegistrationBean   : Mapping filter: 'characterEncodingFilter' to: [/*]
2017-06-18 23:06:47.338  INFO 19170 --- [localhost-startStop-1] o.s.b.w.servlet.FilterRegistrationBean   : Mapping filter: 'hiddenHttpMethodFilter' to: [/*]
2017-06-18 23:06:47.338  INFO 19170 --- [localhost-startStop-1] o.s.b.w.servlet.FilterRegistrationBean   : Mapping filter: 'httpPutFormContentFilter' to: [/*]
2017-06-18 23:06:47.338  INFO 19170 --- [localhost-startStop-1] o.s.b.w.servlet.FilterRegistrationBean   : Mapping filter: 'requestContextFilter' to: [/*]
2017-06-18 23:06:48.428  INFO 19170 --- [restartedMain] com.alibaba.druid.pool.DruidDataSource   : {dataSource-1} inited
2017-06-18 23:06:49.333  INFO 19170 --- [restartedMain] s.w.s.m.m.a.RequestMappingHandlerAdapter : Looking for @ControllerAdvice: org.springframework.boot.context.embedded.AnnotationConfigEmbeddedWebApplicationContext@3cddb571: startup date [Sun Jun 18 23:06:44 CST 2017]; root of context hierarchy
2017-06-18 23:06:49.427  INFO 19170 --- [restartedMain] s.w.s.m.m.a.RequestMappingHandlerMapping : Mapped "{[/]}" onto public org.springframework.web.servlet.ModelAndView tk.mybatis.springboot.controller.IndexController.index()
2017-06-18 23:06:49.434  INFO 19170 --- [restartedMain] s.w.s.m.m.a.RequestMappingHandlerMapping : Mapped "{[/error]}" onto public org.springframework.http.ResponseEntity<java.util.Map<java.lang.String, java.lang.Object>> org.springframework.boot.autoconfigure.web.BasicErrorController.error(javax.servlet.http.HttpServletRequest)
2017-06-18 23:06:49.435  INFO 19170 --- [restartedMain] s.w.s.m.m.a.RequestMappingHandlerMapping : Mapped "{[/error],produces=[text/html]}" onto public org.springframework.web.servlet.ModelAndView org.springframework.boot.autoconfigure.web.BasicErrorController.errorHtml(javax.servlet.http.HttpServletRequest,javax.servlet.http.HttpServletResponse)
2017-06-18 23:06:49.487  INFO 19170 --- [restartedMain] o.s.w.s.handler.SimpleUrlHandlerMapping  : Mapped URL path [/static/**] onto handler of type [class org.springframework.web.servlet.resource.ResourceHttpRequestHandler]
2017-06-18 23:06:49.487  INFO 19170 --- [restartedMain] o.s.w.s.handler.SimpleUrlHandlerMapping  : Mapped URL path [/webjars/**] onto handler of type [class org.springframework.web.servlet.resource.ResourceHttpRequestHandler]
2017-06-18 23:06:49.488  INFO 19170 --- [restartedMain] o.s.w.s.handler.SimpleUrlHandlerMapping  : Mapped URL path [/**] onto handler of type [class org.springframework.web.servlet.resource.ResourceHttpRequestHandler]
2017-06-18 23:06:49.549  INFO 19170 --- [restartedMain] o.s.w.s.handler.SimpleUrlHandlerMapping  : Mapped URL path [/**/favicon.ico] onto handler of type [class org.springframework.web.servlet.resource.ResourceHttpRequestHandler]
2017-06-18 23:06:49.992  INFO 19170 --- [restartedMain] o.s.w.s.v.f.FreeMarkerConfigurer         : ClassTemplateLoader for Spring macros added to FreeMarker configuration
2017-06-18 23:06:50.092  INFO 19170 --- [restartedMain] o.s.b.d.a.OptionalLiveReloadServer       : LiveReload server is running on port 35729
2017-06-18 23:06:50.270  INFO 19170 --- [restartedMain] o.s.j.e.a.AnnotationMBeanExporter        : Registering beans for JMX exposure on startup
2017-06-18 23:06:50.274  INFO 19170 --- [restartedMain] o.s.j.e.a.AnnotationMBeanExporter        : Bean with name 'dataSource' has been autodetected for JMX exposure
2017-06-18 23:06:50.278  INFO 19170 --- [restartedMain] o.s.j.e.a.AnnotationMBeanExporter        : Located MBean 'dataSource': registering with JMX server as MBean [com.alibaba.druid.pool:name=dataSource,type=DruidDataSource]
2017-06-18 23:06:50.330  INFO 19170 --- [restartedMain] s.b.c.e.t.TomcatEmbeddedServletContainer : Tomcat started on port(s): 9090 (http)
2017-06-18 23:06:50.336  INFO 19170 --- [restartedMain] tk.mybatis.springboot.Application        : Started Application in 6.063 seconds (JVM running for 6.692)
2017-06-18 23:06:57.148  INFO 19170 --- [Thread-9] ationConfigEmbeddedWebApplicationContext : Closing org.springframework.boot.context.embedded.AnnotationConfigEmbeddedWebApplicationContext@3cddb571: startup date [Sun Jun 18 23:06:44 CST 2017]; root of context hierarchy
2017-06-18 23:06:57.152  INFO 19170 --- [Thread-9] o.s.j.e.a.AnnotationMBeanExporter        : Unregistering JMX-exposed beans on shutdown
2017-06-18 23:06:57.152  INFO 19170 --- [Thread-9] o.s.j.e.a.AnnotationMBeanExporter        : Unregistering JMX-exposed beans
2017-06-18 23:06:57.158  INFO 19170 --- [Thread-9] com.alibaba.druid.pool.DruidDataSource   : {dataSource-1} closed
